[2025-03-31 13:04:37,777: INFO: common]: yaml file: config\config.yaml loaded sucessfully
[2025-03-31 13:04:37,782: INFO: common]: yaml file: params.yaml loaded sucessfully
[2025-03-31 13:04:37,785: INFO: common]: yaml file: schema.yaml loaded sucessfully
[2025-03-31 13:06:11,944: INFO: common]: yaml file: config\config.yaml loaded sucessfully
[2025-03-31 13:06:11,946: INFO: common]: yaml file: params.yaml loaded sucessfully
[2025-03-31 13:06:11,947: INFO: common]: yaml file: schema.yaml loaded sucessfully
[2025-03-31 13:08:18,241: INFO: common]: yaml file: config\config.yaml loaded sucessfully
[2025-03-31 13:08:18,242: INFO: common]: yaml file: params.yaml loaded sucessfully
[2025-03-31 13:08:18,243: INFO: common]: yaml file: schema.yaml loaded sucessfully
[2025-03-31 13:12:02,069: INFO: common]: yaml file: config\config.yaml loaded sucessfully
[2025-03-31 13:12:02,071: INFO: common]: yaml file: params.yaml loaded sucessfully
[2025-03-31 13:12:02,072: INFO: common]: yaml file: schema.yaml loaded sucessfully
[2025-03-31 13:12:02,074: INFO: common]: created directory at: artifacts
[2025-03-31 13:12:02,075: INFO: common]: created directory at: artifacts/data_ingestion
[2025-03-31 13:12:04,033: INFO: 997903867]: artifacts/data_ingestion/data.zip download! with following info: 
Connection: close
Content-Length: 1475504
Cache-Control: max-age=300
Content-Security-Policy: default-src 'none'; style-src 'unsafe-inline'; sandbox
Content-Type: text/plain; charset=utf-8
ETag: "e2cddb855dd0027647527da0e546939460d439d77e9fa671fa55efac25035520"
Strict-Transport-Security: max-age=31536000
X-Content-Type-Options: nosniff
X-Frame-Options: deny
X-XSS-Protection: 1; mode=block
X-GitHub-Request-Id: 8E0C:88635:26B0D5:5B1D42:67EA4749
Accept-Ranges: bytes
Date: Mon, 31 Mar 2025 07:42:02 GMT
Via: 1.1 varnish
X-Served-By: cache-del21722-DEL
X-Cache: MISS
X-Cache-Hits: 0
X-Timer: S1743406922.023824,VS0,VE336
Vary: Authorization,Accept-Encoding,Origin
Access-Control-Allow-Origin: *
Cross-Origin-Resource-Policy: cross-origin
X-Fastly-Request-ID: 0dbd5ef2a12b5900f36bdd78d0d3054ba993f25d
Expires: Mon, 31 Mar 2025 07:47:02 GMT
Source-Age: 0


[2025-03-31 13:12:56,340: INFO: common]: yaml file: config\config.yaml loaded sucessfully
[2025-03-31 13:12:56,343: INFO: common]: yaml file: params.yaml loaded sucessfully
[2025-03-31 13:12:56,347: INFO: common]: yaml file: schema.yaml loaded sucessfully
[2025-03-31 13:12:56,349: INFO: common]: created directory at: artifacts
[2025-03-31 13:12:56,351: INFO: common]: created directory at: artifacts/data_ingestion
[2025-03-31 13:12:56,353: INFO: 2523628334]: File already exists
[2025-03-31 13:15:29,418: INFO: common]: yaml file: config\config.yaml loaded sucessfully
[2025-03-31 13:15:29,419: INFO: common]: yaml file: params.yaml loaded sucessfully
[2025-03-31 13:15:29,421: INFO: common]: yaml file: schema.yaml loaded sucessfully
[2025-03-31 13:15:29,423: INFO: common]: created directory at: artifacts
[2025-03-31 13:15:29,424: INFO: common]: created directory at: artifacts/data_ingestion
[2025-03-31 13:15:52,656: INFO: common]: yaml file: config\config.yaml loaded sucessfully
[2025-03-31 13:15:52,658: INFO: common]: yaml file: params.yaml loaded sucessfully
[2025-03-31 13:15:52,660: INFO: common]: yaml file: schema.yaml loaded sucessfully
[2025-03-31 13:15:52,662: INFO: common]: created directory at: artifacts
[2025-03-31 13:15:52,664: INFO: common]: created directory at: artifacts/data_ingestion
[2025-03-31 13:15:53,150: INFO: 2523628334]: artifacts/data_ingestion/data.zip download! with following info: 
Connection: close
Content-Length: 1475504
Cache-Control: max-age=300
Content-Security-Policy: default-src 'none'; style-src 'unsafe-inline'; sandbox
Content-Type: text/plain; charset=utf-8
ETag: "e2cddb855dd0027647527da0e546939460d439d77e9fa671fa55efac25035520"
Strict-Transport-Security: max-age=31536000
X-Content-Type-Options: nosniff
X-Frame-Options: deny
X-XSS-Protection: 1; mode=block
X-GitHub-Request-Id: 8E0C:88635:26B0D5:5B1D42:67EA4749
Accept-Ranges: bytes
Date: Mon, 31 Mar 2025 07:45:52 GMT
Via: 1.1 varnish
X-Served-By: cache-del21739-DEL
X-Cache: HIT
X-Cache-Hits: 0
X-Timer: S1743407152.458756,VS0,VE1
Vary: Authorization,Accept-Encoding,Origin
Access-Control-Allow-Origin: *
Cross-Origin-Resource-Policy: cross-origin
X-Fastly-Request-ID: bd98be2fd536ebc9f9cfd16df5f4bd4fe233abe0
Expires: Mon, 31 Mar 2025 07:50:52 GMT
Source-Age: 230


[2025-03-31 13:16:02,409: INFO: common]: yaml file: config\config.yaml loaded sucessfully
[2025-03-31 13:16:02,410: INFO: common]: yaml file: params.yaml loaded sucessfully
[2025-03-31 13:16:02,411: INFO: common]: yaml file: schema.yaml loaded sucessfully
[2025-03-31 13:16:02,412: INFO: common]: created directory at: artifacts
[2025-03-31 13:16:02,413: INFO: common]: created directory at: artifacts/data_ingestion
[2025-03-31 13:16:02,414: INFO: 2523628334]: File already exists
[2025-03-31 13:16:02,602: INFO: common]: yaml file: config\config.yaml loaded sucessfully
[2025-03-31 13:16:02,603: INFO: common]: yaml file: params.yaml loaded sucessfully
[2025-03-31 13:16:02,605: INFO: common]: yaml file: schema.yaml loaded sucessfully
[2025-03-31 13:16:02,606: INFO: common]: created directory at: artifacts
[2025-03-31 13:16:02,606: INFO: common]: created directory at: artifacts/data_ingestion
[2025-03-31 13:16:02,607: INFO: 2523628334]: File already exists
[2025-03-31 13:20:05,788: INFO: common]: yaml file: config\config.yaml loaded sucessfully
[2025-03-31 13:20:05,789: INFO: common]: yaml file: params.yaml loaded sucessfully
[2025-03-31 13:20:05,791: INFO: common]: yaml file: schema.yaml loaded sucessfully
[2025-03-31 13:20:05,791: INFO: common]: created directory at: artifacts
[2025-03-31 13:20:05,793: INFO: common]: created directory at: artifacts/data_ingestion
[2025-03-31 13:20:43,127: INFO: common]: yaml file: config\config.yaml loaded sucessfully
[2025-03-31 13:20:43,129: INFO: common]: yaml file: params.yaml loaded sucessfully
[2025-03-31 13:20:43,131: INFO: common]: yaml file: schema.yaml loaded sucessfully
[2025-03-31 13:20:43,132: INFO: common]: created directory at: artifacts
[2025-03-31 13:20:43,133: INFO: common]: created directory at: artifacts/data_ingestion
[2025-03-31 13:20:48,296: INFO: common]: yaml file: config\config.yaml loaded sucessfully
[2025-03-31 13:20:48,298: INFO: common]: yaml file: params.yaml loaded sucessfully
[2025-03-31 13:20:48,299: INFO: common]: yaml file: schema.yaml loaded sucessfully
[2025-03-31 13:20:48,301: INFO: common]: created directory at: artifacts
[2025-03-31 13:20:48,302: INFO: common]: created directory at: artifacts/data_ingestion
[2025-03-31 13:21:53,310: INFO: common]: yaml file: config\config.yaml loaded sucessfully
[2025-03-31 13:21:53,311: INFO: common]: yaml file: params.yaml loaded sucessfully
[2025-03-31 13:21:53,313: INFO: common]: yaml file: schema.yaml loaded sucessfully
[2025-03-31 13:21:53,314: INFO: common]: created directory at: artifacts
[2025-03-31 13:21:53,315: INFO: common]: created directory at: artifacts/data_ingestion
[2025-03-31 13:21:55,169: INFO: 2523628334]: artifacts/data_ingestion/winequality-red.csv download! with following info: 
Server: nginx/1.27.4
Date: Mon, 31 Mar 2025 07:51:54 GMT
Transfer-Encoding: chunked
Connection: close


[2025-03-31 20:54:36,383: INFO: common]: yaml file: C:\Academics\AI and Ml\MLOPs\E2E-DataScience-Deployment\config\config.yaml loaded sucessfully
[2025-03-31 20:54:36,385: INFO: common]: yaml file: C:\Academics\AI and Ml\MLOPs\E2E-DataScience-Deployment\params.yaml loaded sucessfully
[2025-03-31 20:54:36,389: INFO: common]: yaml file: C:\Academics\AI and Ml\MLOPs\E2E-DataScience-Deployment\schema.yaml loaded sucessfully
[2025-03-31 20:54:36,390: INFO: common]: created directory at: artifacts
[2025-03-31 20:54:36,391: INFO: common]: created directory at: artifacts/data_ingestion
[2025-03-31 20:54:36,391: INFO: 2523628334]: File already exists
